2019-08-04 16:36:49,660 | INFO | main | com.car.admin.test8.JwtDemo | (StartupInfoLogger.java:50)- Starting JwtDemo on LAPTOP-PlQ4NP9S with PID 19432 (started by 詹一恒 in D:\demo\restful)
2019-08-04 16:36:49,665 | INFO | main | com.car.admin.test8.JwtDemo | (SpringApplication.java:675)- No active profile set, falling back to default profiles: default
2019-08-04 16:36:50,691 | DEBUG | main | org.mybatis.spring.mapper.ClassPathMapperScanner | (ClassPathScanningCandidateComponentProvider.java:437)- Identified candidate component class: file [D:\demo\restful\target\classes\com\car\admin\mapper\IMapperLogin.class]
2019-08-04 16:36:50,692 | DEBUG | main | org.mybatis.spring.mapper.ClassPathMapperScanner | (ClassPathScanningCandidateComponentProvider.java:437)- Identified candidate component class: file [D:\demo\restful\target\classes\com\car\admin\mapper\IMapperUser.class]
2019-08-04 16:36:50,693 | DEBUG | main | org.mybatis.spring.mapper.ClassPathMapperScanner | (ClassPathScanningCandidateComponentProvider.java:437)- Identified candidate component class: file [D:\demo\restful\target\classes\com\car\admin\mapper\IStudySQLMapper.class]
2019-08-04 16:36:50,694 | DEBUG | main | org.mybatis.spring.mapper.ClassPathMapperScanner | (Logger.java:49)- Creating MapperFactoryBean with name 'IMapperLogin' and 'com.car.admin.mapper.IMapperLogin' mapperInterface
2019-08-04 16:36:50,695 | DEBUG | main | org.mybatis.spring.mapper.ClassPathMapperScanner | (Logger.java:49)- Enabling autowire by type for MapperFactoryBean with name 'IMapperLogin'.
2019-08-04 16:36:50,696 | DEBUG | main | org.mybatis.spring.mapper.ClassPathMapperScanner | (Logger.java:49)- Creating MapperFactoryBean with name 'IMapperUser' and 'com.car.admin.mapper.IMapperUser' mapperInterface
2019-08-04 16:36:50,696 | DEBUG | main | org.mybatis.spring.mapper.ClassPathMapperScanner | (Logger.java:49)- Enabling autowire by type for MapperFactoryBean with name 'IMapperUser'.
2019-08-04 16:36:50,697 | DEBUG | main | org.mybatis.spring.mapper.ClassPathMapperScanner | (Logger.java:49)- Creating MapperFactoryBean with name 'IStudySQLMapper' and 'com.car.admin.mapper.IStudySQLMapper' mapperInterface
2019-08-04 16:36:50,697 | DEBUG | main | org.mybatis.spring.mapper.ClassPathMapperScanner | (Logger.java:49)- Enabling autowire by type for MapperFactoryBean with name 'IStudySQLMapper'.
2019-08-04 16:36:52,428 | DEBUG | main | org.mybatis.spring.SqlSessionFactoryBean | (Logger.java:49)- Parsed mapper file: 'file [D:\demo\restful\target\classes\mapper\GoodsMapper.xml]'
2019-08-04 16:36:52,463 | DEBUG | main | org.mybatis.spring.SqlSessionFactoryBean | (Logger.java:49)- Parsed mapper file: 'file [D:\demo\restful\target\classes\mapper\UserMapper.xml]'
2019-08-04 16:36:52,976 | INFO | main | org.springframework.scheduling.concurrent.ThreadPoolTaskScheduler | (ExecutorConfigurationSupport.java:171)- Initializing ExecutorService 'taskScheduler'
2019-08-04 16:36:53,988 | WARN | main | org.springframework.boot.autoconfigure.thymeleaf.ThymeleafAutoConfiguration$DefaultTemplateResolverConfiguration | (ThymeleafAutoConfiguration.java:108)- Cannot find template location: classpath:/templates/ (please add some templates or check your Thymeleaf configuration)
2019-08-04 16:36:54,368 | INFO | main | com.car.admin.test8.JwtDemo | (StartupInfoLogger.java:59)- Started JwtDemo in 5.507 seconds (JVM running for 7.47)
2019-08-04 16:36:55,493 | INFO | Thread-2 | org.springframework.scheduling.concurrent.ThreadPoolTaskScheduler | (ExecutorConfigurationSupport.java:208)- Shutting down ExecutorService 'taskScheduler'
2019-08-04 16:37:50,255 | INFO | main | com.car.admin.test8.JwtDemo | (StartupInfoLogger.java:50)- Starting JwtDemo on LAPTOP-PlQ4NP9S with PID 19928 (started by 詹一恒 in D:\demo\restful)
2019-08-04 16:37:50,258 | INFO | main | com.car.admin.test8.JwtDemo | (SpringApplication.java:675)- No active profile set, falling back to default profiles: default
2019-08-04 16:37:51,444 | DEBUG | main | org.mybatis.spring.mapper.ClassPathMapperScanner | (ClassPathScanningCandidateComponentProvider.java:437)- Identified candidate component class: file [D:\demo\restful\target\classes\com\car\admin\mapper\IMapperLogin.class]
2019-08-04 16:37:51,445 | DEBUG | main | org.mybatis.spring.mapper.ClassPathMapperScanner | (ClassPathScanningCandidateComponentProvider.java:437)- Identified candidate component class: file [D:\demo\restful\target\classes\com\car\admin\mapper\IMapperUser.class]
2019-08-04 16:37:51,446 | DEBUG | main | org.mybatis.spring.mapper.ClassPathMapperScanner | (ClassPathScanningCandidateComponentProvider.java:437)- Identified candidate component class: file [D:\demo\restful\target\classes\com\car\admin\mapper\IStudySQLMapper.class]
2019-08-04 16:37:51,448 | DEBUG | main | org.mybatis.spring.mapper.ClassPathMapperScanner | (Logger.java:49)- Creating MapperFactoryBean with name 'IMapperLogin' and 'com.car.admin.mapper.IMapperLogin' mapperInterface
2019-08-04 16:37:51,449 | DEBUG | main | org.mybatis.spring.mapper.ClassPathMapperScanner | (Logger.java:49)- Enabling autowire by type for MapperFactoryBean with name 'IMapperLogin'.
2019-08-04 16:37:51,450 | DEBUG | main | org.mybatis.spring.mapper.ClassPathMapperScanner | (Logger.java:49)- Creating MapperFactoryBean with name 'IMapperUser' and 'com.car.admin.mapper.IMapperUser' mapperInterface
2019-08-04 16:37:51,450 | DEBUG | main | org.mybatis.spring.mapper.ClassPathMapperScanner | (Logger.java:49)- Enabling autowire by type for MapperFactoryBean with name 'IMapperUser'.
2019-08-04 16:37:51,451 | DEBUG | main | org.mybatis.spring.mapper.ClassPathMapperScanner | (Logger.java:49)- Creating MapperFactoryBean with name 'IStudySQLMapper' and 'com.car.admin.mapper.IStudySQLMapper' mapperInterface
2019-08-04 16:37:51,451 | DEBUG | main | org.mybatis.spring.mapper.ClassPathMapperScanner | (Logger.java:49)- Enabling autowire by type for MapperFactoryBean with name 'IStudySQLMapper'.
2019-08-04 16:37:52,707 | DEBUG | main | org.mybatis.spring.SqlSessionFactoryBean | (Logger.java:49)- Parsed mapper file: 'file [D:\demo\restful\target\classes\mapper\GoodsMapper.xml]'
2019-08-04 16:37:52,770 | DEBUG | main | org.mybatis.spring.SqlSessionFactoryBean | (Logger.java:49)- Parsed mapper file: 'file [D:\demo\restful\target\classes\mapper\UserMapper.xml]'
2019-08-04 16:37:53,272 | INFO | main | org.springframework.scheduling.concurrent.ThreadPoolTaskScheduler | (ExecutorConfigurationSupport.java:171)- Initializing ExecutorService 'taskScheduler'
2019-08-04 16:37:54,139 | WARN | main | org.springframework.boot.autoconfigure.thymeleaf.ThymeleafAutoConfiguration$DefaultTemplateResolverConfiguration | (ThymeleafAutoConfiguration.java:108)- Cannot find template location: classpath:/templates/ (please add some templates or check your Thymeleaf configuration)
2019-08-04 16:37:54,404 | INFO | main | com.car.admin.test8.JwtDemo | (StartupInfoLogger.java:59)- Started JwtDemo in 4.797 seconds (JVM running for 6.25)
2019-08-04 16:37:55,317 | INFO | Thread-2 | org.springframework.scheduling.concurrent.ThreadPoolTaskScheduler | (ExecutorConfigurationSupport.java:208)- Shutting down ExecutorService 'taskScheduler'
2019-08-04 16:39:30,098 | INFO | main | com.car.admin.test8.JwtDemo | (StartupInfoLogger.java:50)- Starting JwtDemo on LAPTOP-PlQ4NP9S with PID 19580 (started by 詹一恒 in D:\demo\restful)
2019-08-04 16:39:30,110 | INFO | main | com.car.admin.test8.JwtDemo | (SpringApplication.java:675)- No active profile set, falling back to default profiles: default
2019-08-04 16:39:31,442 | DEBUG | main | org.mybatis.spring.mapper.ClassPathMapperScanner | (ClassPathScanningCandidateComponentProvider.java:437)- Identified candidate component class: file [D:\demo\restful\target\classes\com\car\admin\mapper\IMapperLogin.class]
2019-08-04 16:39:31,443 | DEBUG | main | org.mybatis.spring.mapper.ClassPathMapperScanner | (ClassPathScanningCandidateComponentProvider.java:437)- Identified candidate component class: file [D:\demo\restful\target\classes\com\car\admin\mapper\IMapperUser.class]
2019-08-04 16:39:31,443 | DEBUG | main | org.mybatis.spring.mapper.ClassPathMapperScanner | (ClassPathScanningCandidateComponentProvider.java:437)- Identified candidate component class: file [D:\demo\restful\target\classes\com\car\admin\mapper\IStudySQLMapper.class]
2019-08-04 16:39:31,445 | DEBUG | main | org.mybatis.spring.mapper.ClassPathMapperScanner | (Logger.java:49)- Creating MapperFactoryBean with name 'IMapperLogin' and 'com.car.admin.mapper.IMapperLogin' mapperInterface
2019-08-04 16:39:31,447 | DEBUG | main | org.mybatis.spring.mapper.ClassPathMapperScanner | (Logger.java:49)- Enabling autowire by type for MapperFactoryBean with name 'IMapperLogin'.
2019-08-04 16:39:31,448 | DEBUG | main | org.mybatis.spring.mapper.ClassPathMapperScanner | (Logger.java:49)- Creating MapperFactoryBean with name 'IMapperUser' and 'com.car.admin.mapper.IMapperUser' mapperInterface
2019-08-04 16:39:31,448 | DEBUG | main | org.mybatis.spring.mapper.ClassPathMapperScanner | (Logger.java:49)- Enabling autowire by type for MapperFactoryBean with name 'IMapperUser'.
2019-08-04 16:39:31,448 | DEBUG | main | org.mybatis.spring.mapper.ClassPathMapperScanner | (Logger.java:49)- Creating MapperFactoryBean with name 'IStudySQLMapper' and 'com.car.admin.mapper.IStudySQLMapper' mapperInterface
2019-08-04 16:39:31,449 | DEBUG | main | org.mybatis.spring.mapper.ClassPathMapperScanner | (Logger.java:49)- Enabling autowire by type for MapperFactoryBean with name 'IStudySQLMapper'.
2019-08-04 16:39:32,778 | DEBUG | main | org.mybatis.spring.SqlSessionFactoryBean | (Logger.java:49)- Parsed mapper file: 'file [D:\demo\restful\target\classes\mapper\GoodsMapper.xml]'
2019-08-04 16:39:32,813 | DEBUG | main | org.mybatis.spring.SqlSessionFactoryBean | (Logger.java:49)- Parsed mapper file: 'file [D:\demo\restful\target\classes\mapper\UserMapper.xml]'
2019-08-04 16:39:33,311 | INFO | main | org.springframework.scheduling.concurrent.ThreadPoolTaskScheduler | (ExecutorConfigurationSupport.java:171)- Initializing ExecutorService 'taskScheduler'
2019-08-04 16:39:34,156 | WARN | main | org.springframework.boot.autoconfigure.thymeleaf.ThymeleafAutoConfiguration$DefaultTemplateResolverConfiguration | (ThymeleafAutoConfiguration.java:108)- Cannot find template location: classpath:/templates/ (please add some templates or check your Thymeleaf configuration)
2019-08-04 16:39:34,373 | INFO | main | com.car.admin.test8.JwtDemo | (StartupInfoLogger.java:59)- Started JwtDemo in 4.899 seconds (JVM running for 6.375)
2019-08-04 16:39:36,285 | INFO | Thread-2 | org.springframework.scheduling.concurrent.ThreadPoolTaskScheduler | (ExecutorConfigurationSupport.java:208)- Shutting down ExecutorService 'taskScheduler'
2019-08-04 16:43:07,799 | INFO | main | com.car.admin.test8.JwtDemo | (StartupInfoLogger.java:50)- Starting JwtDemo on LAPTOP-PlQ4NP9S with PID 5948 (started by 詹一恒 in D:\demo\restful)
2019-08-04 16:43:07,802 | INFO | main | com.car.admin.test8.JwtDemo | (SpringApplication.java:675)- No active profile set, falling back to default profiles: default
2019-08-04 16:43:08,806 | DEBUG | main | org.mybatis.spring.mapper.ClassPathMapperScanner | (ClassPathScanningCandidateComponentProvider.java:437)- Identified candidate component class: file [D:\demo\restful\target\classes\com\car\admin\mapper\IMapperLogin.class]
2019-08-04 16:43:08,807 | DEBUG | main | org.mybatis.spring.mapper.ClassPathMapperScanner | (ClassPathScanningCandidateComponentProvider.java:437)- Identified candidate component class: file [D:\demo\restful\target\classes\com\car\admin\mapper\IMapperUser.class]
2019-08-04 16:43:08,808 | DEBUG | main | org.mybatis.spring.mapper.ClassPathMapperScanner | (ClassPathScanningCandidateComponentProvider.java:437)- Identified candidate component class: file [D:\demo\restful\target\classes\com\car\admin\mapper\IStudySQLMapper.class]
2019-08-04 16:43:08,809 | DEBUG | main | org.mybatis.spring.mapper.ClassPathMapperScanner | (Logger.java:49)- Creating MapperFactoryBean with name 'IMapperLogin' and 'com.car.admin.mapper.IMapperLogin' mapperInterface
2019-08-04 16:43:08,811 | DEBUG | main | org.mybatis.spring.mapper.ClassPathMapperScanner | (Logger.java:49)- Enabling autowire by type for MapperFactoryBean with name 'IMapperLogin'.
2019-08-04 16:43:08,813 | DEBUG | main | org.mybatis.spring.mapper.ClassPathMapperScanner | (Logger.java:49)- Creating MapperFactoryBean with name 'IMapperUser' and 'com.car.admin.mapper.IMapperUser' mapperInterface
2019-08-04 16:43:08,813 | DEBUG | main | org.mybatis.spring.mapper.ClassPathMapperScanner | (Logger.java:49)- Enabling autowire by type for MapperFactoryBean with name 'IMapperUser'.
2019-08-04 16:43:08,814 | DEBUG | main | org.mybatis.spring.mapper.ClassPathMapperScanner | (Logger.java:49)- Creating MapperFactoryBean with name 'IStudySQLMapper' and 'com.car.admin.mapper.IStudySQLMapper' mapperInterface
2019-08-04 16:43:08,815 | DEBUG | main | org.mybatis.spring.mapper.ClassPathMapperScanner | (Logger.java:49)- Enabling autowire by type for MapperFactoryBean with name 'IStudySQLMapper'.
2019-08-04 16:43:09,923 | DEBUG | main | org.mybatis.spring.SqlSessionFactoryBean | (Logger.java:49)- Parsed mapper file: 'file [D:\demo\restful\target\classes\mapper\GoodsMapper.xml]'
2019-08-04 16:43:09,960 | DEBUG | main | org.mybatis.spring.SqlSessionFactoryBean | (Logger.java:49)- Parsed mapper file: 'file [D:\demo\restful\target\classes\mapper\UserMapper.xml]'
2019-08-04 16:43:10,451 | INFO | main | org.springframework.scheduling.concurrent.ThreadPoolTaskScheduler | (ExecutorConfigurationSupport.java:171)- Initializing ExecutorService 'taskScheduler'
2019-08-04 16:43:11,280 | WARN | main | org.springframework.boot.autoconfigure.thymeleaf.ThymeleafAutoConfiguration$DefaultTemplateResolverConfiguration | (ThymeleafAutoConfiguration.java:108)- Cannot find template location: classpath:/templates/ (please add some templates or check your Thymeleaf configuration)
2019-08-04 16:43:11,523 | INFO | main | com.car.admin.test8.JwtDemo | (StartupInfoLogger.java:59)- Started JwtDemo in 4.278 seconds (JVM running for 5.571)
2019-08-04 16:43:13,422 | INFO | Thread-2 | org.springframework.scheduling.concurrent.ThreadPoolTaskScheduler | (ExecutorConfigurationSupport.java:208)- Shutting down ExecutorService 'taskScheduler'
2019-08-04 16:44:44,288 | INFO | main | com.car.admin.test8.JwtDemo | (StartupInfoLogger.java:50)- Starting JwtDemo on LAPTOP-PlQ4NP9S with PID 16568 (started by 詹一恒 in D:\demo\restful)
2019-08-04 16:44:44,297 | INFO | main | com.car.admin.test8.JwtDemo | (SpringApplication.java:675)- No active profile set, falling back to default profiles: default
2019-08-04 16:44:45,501 | DEBUG | main | org.mybatis.spring.mapper.ClassPathMapperScanner | (ClassPathScanningCandidateComponentProvider.java:437)- Identified candidate component class: file [D:\demo\restful\target\classes\com\car\admin\mapper\IMapperLogin.class]
2019-08-04 16:44:45,501 | DEBUG | main | org.mybatis.spring.mapper.ClassPathMapperScanner | (ClassPathScanningCandidateComponentProvider.java:437)- Identified candidate component class: file [D:\demo\restful\target\classes\com\car\admin\mapper\IMapperUser.class]
2019-08-04 16:44:45,502 | DEBUG | main | org.mybatis.spring.mapper.ClassPathMapperScanner | (ClassPathScanningCandidateComponentProvider.java:437)- Identified candidate component class: file [D:\demo\restful\target\classes\com\car\admin\mapper\IStudySQLMapper.class]
2019-08-04 16:44:45,503 | DEBUG | main | org.mybatis.spring.mapper.ClassPathMapperScanner | (Logger.java:49)- Creating MapperFactoryBean with name 'IMapperLogin' and 'com.car.admin.mapper.IMapperLogin' mapperInterface
2019-08-04 16:44:45,504 | DEBUG | main | org.mybatis.spring.mapper.ClassPathMapperScanner | (Logger.java:49)- Enabling autowire by type for MapperFactoryBean with name 'IMapperLogin'.
2019-08-04 16:44:45,504 | DEBUG | main | org.mybatis.spring.mapper.ClassPathMapperScanner | (Logger.java:49)- Creating MapperFactoryBean with name 'IMapperUser' and 'com.car.admin.mapper.IMapperUser' mapperInterface
2019-08-04 16:44:45,505 | DEBUG | main | org.mybatis.spring.mapper.ClassPathMapperScanner | (Logger.java:49)- Enabling autowire by type for MapperFactoryBean with name 'IMapperUser'.
2019-08-04 16:44:45,506 | DEBUG | main | org.mybatis.spring.mapper.ClassPathMapperScanner | (Logger.java:49)- Creating MapperFactoryBean with name 'IStudySQLMapper' and 'com.car.admin.mapper.IStudySQLMapper' mapperInterface
2019-08-04 16:44:45,508 | DEBUG | main | org.mybatis.spring.mapper.ClassPathMapperScanner | (Logger.java:49)- Enabling autowire by type for MapperFactoryBean with name 'IStudySQLMapper'.
2019-08-04 16:44:46,475 | DEBUG | main | org.mybatis.spring.SqlSessionFactoryBean | (Logger.java:49)- Parsed mapper file: 'file [D:\demo\restful\target\classes\mapper\GoodsMapper.xml]'
2019-08-04 16:44:46,510 | DEBUG | main | org.mybatis.spring.SqlSessionFactoryBean | (Logger.java:49)- Parsed mapper file: 'file [D:\demo\restful\target\classes\mapper\UserMapper.xml]'
2019-08-04 16:44:46,980 | INFO | main | org.springframework.scheduling.concurrent.ThreadPoolTaskScheduler | (ExecutorConfigurationSupport.java:171)- Initializing ExecutorService 'taskScheduler'
2019-08-04 16:44:47,704 | WARN | main | org.springframework.boot.autoconfigure.thymeleaf.ThymeleafAutoConfiguration$DefaultTemplateResolverConfiguration | (ThymeleafAutoConfiguration.java:108)- Cannot find template location: classpath:/templates/ (please add some templates or check your Thymeleaf configuration)
2019-08-04 16:44:47,975 | INFO | main | com.car.admin.test8.JwtDemo | (StartupInfoLogger.java:59)- Started JwtDemo in 4.295 seconds (JVM running for 5.507)
2019-08-04 16:44:50,135 | INFO | Thread-2 | org.springframework.scheduling.concurrent.ThreadPoolTaskScheduler | (ExecutorConfigurationSupport.java:208)- Shutting down ExecutorService 'taskScheduler'
2019-08-04 16:45:16,610 | INFO | main | com.car.admin.test8.JwtDemo | (StartupInfoLogger.java:50)- Starting JwtDemo on LAPTOP-PlQ4NP9S with PID 15740 (started by 詹一恒 in D:\demo\restful)
2019-08-04 16:45:16,614 | INFO | main | com.car.admin.test8.JwtDemo | (SpringApplication.java:675)- No active profile set, falling back to default profiles: default
2019-08-04 16:45:17,990 | DEBUG | main | org.mybatis.spring.mapper.ClassPathMapperScanner | (ClassPathScanningCandidateComponentProvider.java:437)- Identified candidate component class: file [D:\demo\restful\target\classes\com\car\admin\mapper\IMapperLogin.class]
2019-08-04 16:45:17,991 | DEBUG | main | org.mybatis.spring.mapper.ClassPathMapperScanner | (ClassPathScanningCandidateComponentProvider.java:437)- Identified candidate component class: file [D:\demo\restful\target\classes\com\car\admin\mapper\IMapperUser.class]
2019-08-04 16:45:17,991 | DEBUG | main | org.mybatis.spring.mapper.ClassPathMapperScanner | (ClassPathScanningCandidateComponentProvider.java:437)- Identified candidate component class: file [D:\demo\restful\target\classes\com\car\admin\mapper\IStudySQLMapper.class]
2019-08-04 16:45:17,993 | DEBUG | main | org.mybatis.spring.mapper.ClassPathMapperScanner | (Logger.java:49)- Creating MapperFactoryBean with name 'IMapperLogin' and 'com.car.admin.mapper.IMapperLogin' mapperInterface
2019-08-04 16:45:17,994 | DEBUG | main | org.mybatis.spring.mapper.ClassPathMapperScanner | (Logger.java:49)- Enabling autowire by type for MapperFactoryBean with name 'IMapperLogin'.
2019-08-04 16:45:17,995 | DEBUG | main | org.mybatis.spring.mapper.ClassPathMapperScanner | (Logger.java:49)- Creating MapperFactoryBean with name 'IMapperUser' and 'com.car.admin.mapper.IMapperUser' mapperInterface
2019-08-04 16:45:17,995 | DEBUG | main | org.mybatis.spring.mapper.ClassPathMapperScanner | (Logger.java:49)- Enabling autowire by type for MapperFactoryBean with name 'IMapperUser'.
2019-08-04 16:45:17,995 | DEBUG | main | org.mybatis.spring.mapper.ClassPathMapperScanner | (Logger.java:49)- Creating MapperFactoryBean with name 'IStudySQLMapper' and 'com.car.admin.mapper.IStudySQLMapper' mapperInterface
2019-08-04 16:45:17,996 | DEBUG | main | org.mybatis.spring.mapper.ClassPathMapperScanner | (Logger.java:49)- Enabling autowire by type for MapperFactoryBean with name 'IStudySQLMapper'.
2019-08-04 16:45:19,218 | DEBUG | main | org.mybatis.spring.SqlSessionFactoryBean | (Logger.java:49)- Parsed mapper file: 'file [D:\demo\restful\target\classes\mapper\GoodsMapper.xml]'
2019-08-04 16:45:19,280 | DEBUG | main | org.mybatis.spring.SqlSessionFactoryBean | (Logger.java:49)- Parsed mapper file: 'file [D:\demo\restful\target\classes\mapper\UserMapper.xml]'
2019-08-04 16:45:19,831 | INFO | main | org.springframework.scheduling.concurrent.ThreadPoolTaskScheduler | (ExecutorConfigurationSupport.java:171)- Initializing ExecutorService 'taskScheduler'
2019-08-04 16:45:20,676 | WARN | main | org.springframework.boot.autoconfigure.thymeleaf.ThymeleafAutoConfiguration$DefaultTemplateResolverConfiguration | (ThymeleafAutoConfiguration.java:108)- Cannot find template location: classpath:/templates/ (please add some templates or check your Thymeleaf configuration)
2019-08-04 16:45:20,909 | INFO | main | com.car.admin.test8.JwtDemo | (StartupInfoLogger.java:59)- Started JwtDemo in 4.953 seconds (JVM running for 6.392)
2019-08-04 16:45:22,987 | INFO | Thread-2 | org.springframework.scheduling.concurrent.ThreadPoolTaskScheduler | (ExecutorConfigurationSupport.java:208)- Shutting down ExecutorService 'taskScheduler'
2019-08-04 17:14:24,990 | INFO | main | com.car.admin.test9.DemoJWT | (StartupInfoLogger.java:50)- Starting DemoJWT on LAPTOP-PlQ4NP9S with PID 4632 (started by 詹一恒 in D:\demo\restful)
2019-08-04 17:14:24,996 | INFO | main | com.car.admin.test9.DemoJWT | (SpringApplication.java:675)- No active profile set, falling back to default profiles: default
2019-08-04 17:14:26,224 | DEBUG | main | org.mybatis.spring.mapper.ClassPathMapperScanner | (ClassPathScanningCandidateComponentProvider.java:437)- Identified candidate component class: file [D:\demo\restful\target\classes\com\car\admin\mapper\IMapperLogin.class]
2019-08-04 17:14:26,225 | DEBUG | main | org.mybatis.spring.mapper.ClassPathMapperScanner | (ClassPathScanningCandidateComponentProvider.java:437)- Identified candidate component class: file [D:\demo\restful\target\classes\com\car\admin\mapper\IMapperUser.class]
2019-08-04 17:14:26,226 | DEBUG | main | org.mybatis.spring.mapper.ClassPathMapperScanner | (ClassPathScanningCandidateComponentProvider.java:437)- Identified candidate component class: file [D:\demo\restful\target\classes\com\car\admin\mapper\IStudySQLMapper.class]
2019-08-04 17:14:26,227 | DEBUG | main | org.mybatis.spring.mapper.ClassPathMapperScanner | (Logger.java:49)- Creating MapperFactoryBean with name 'IMapperLogin' and 'com.car.admin.mapper.IMapperLogin' mapperInterface
2019-08-04 17:14:26,228 | DEBUG | main | org.mybatis.spring.mapper.ClassPathMapperScanner | (Logger.java:49)- Enabling autowire by type for MapperFactoryBean with name 'IMapperLogin'.
2019-08-04 17:14:26,229 | DEBUG | main | org.mybatis.spring.mapper.ClassPathMapperScanner | (Logger.java:49)- Creating MapperFactoryBean with name 'IMapperUser' and 'com.car.admin.mapper.IMapperUser' mapperInterface
2019-08-04 17:14:26,229 | DEBUG | main | org.mybatis.spring.mapper.ClassPathMapperScanner | (Logger.java:49)- Enabling autowire by type for MapperFactoryBean with name 'IMapperUser'.
2019-08-04 17:14:26,229 | DEBUG | main | org.mybatis.spring.mapper.ClassPathMapperScanner | (Logger.java:49)- Creating MapperFactoryBean with name 'IStudySQLMapper' and 'com.car.admin.mapper.IStudySQLMapper' mapperInterface
2019-08-04 17:14:26,229 | DEBUG | main | org.mybatis.spring.mapper.ClassPathMapperScanner | (Logger.java:49)- Enabling autowire by type for MapperFactoryBean with name 'IStudySQLMapper'.
2019-08-04 17:14:27,452 | DEBUG | main | org.mybatis.spring.SqlSessionFactoryBean | (Logger.java:49)- Parsed mapper file: 'file [D:\demo\restful\target\classes\mapper\GoodsMapper.xml]'
2019-08-04 17:14:27,487 | DEBUG | main | org.mybatis.spring.SqlSessionFactoryBean | (Logger.java:49)- Parsed mapper file: 'file [D:\demo\restful\target\classes\mapper\UserMapper.xml]'
2019-08-04 17:14:28,016 | INFO | main | org.springframework.scheduling.concurrent.ThreadPoolTaskScheduler | (ExecutorConfigurationSupport.java:171)- Initializing ExecutorService 'taskScheduler'
2019-08-04 17:14:28,932 | WARN | main | org.springframework.boot.autoconfigure.thymeleaf.ThymeleafAutoConfiguration$DefaultTemplateResolverConfiguration | (ThymeleafAutoConfiguration.java:108)- Cannot find template location: classpath:/templates/ (please add some templates or check your Thymeleaf configuration)
2019-08-04 17:14:29,132 | INFO | main | com.car.admin.test9.DemoJWT | (StartupInfoLogger.java:59)- Started DemoJWT in 4.814 seconds (JVM running for 6.232)
2019-08-04 17:14:31,147 | INFO | Thread-2 | org.springframework.scheduling.concurrent.ThreadPoolTaskScheduler | (ExecutorConfigurationSupport.java:208)- Shutting down ExecutorService 'taskScheduler'
2019-08-04 17:14:48,756 | INFO | main | com.car.admin.test9.DemoJWT | (StartupInfoLogger.java:50)- Starting DemoJWT on LAPTOP-PlQ4NP9S with PID 13048 (started by 詹一恒 in D:\demo\restful)
2019-08-04 17:14:48,760 | INFO | main | com.car.admin.test9.DemoJWT | (SpringApplication.java:675)- No active profile set, falling back to default profiles: default
2019-08-04 17:14:49,974 | DEBUG | main | org.mybatis.spring.mapper.ClassPathMapperScanner | (ClassPathScanningCandidateComponentProvider.java:437)- Identified candidate component class: file [D:\demo\restful\target\classes\com\car\admin\mapper\IMapperLogin.class]
2019-08-04 17:14:49,975 | DEBUG | main | org.mybatis.spring.mapper.ClassPathMapperScanner | (ClassPathScanningCandidateComponentProvider.java:437)- Identified candidate component class: file [D:\demo\restful\target\classes\com\car\admin\mapper\IMapperUser.class]
2019-08-04 17:14:49,976 | DEBUG | main | org.mybatis.spring.mapper.ClassPathMapperScanner | (ClassPathScanningCandidateComponentProvider.java:437)- Identified candidate component class: file [D:\demo\restful\target\classes\com\car\admin\mapper\IStudySQLMapper.class]
2019-08-04 17:14:49,977 | DEBUG | main | org.mybatis.spring.mapper.ClassPathMapperScanner | (Logger.java:49)- Creating MapperFactoryBean with name 'IMapperLogin' and 'com.car.admin.mapper.IMapperLogin' mapperInterface
2019-08-04 17:14:49,978 | DEBUG | main | org.mybatis.spring.mapper.ClassPathMapperScanner | (Logger.java:49)- Enabling autowire by type for MapperFactoryBean with name 'IMapperLogin'.
2019-08-04 17:14:49,979 | DEBUG | main | org.mybatis.spring.mapper.ClassPathMapperScanner | (Logger.java:49)- Creating MapperFactoryBean with name 'IMapperUser' and 'com.car.admin.mapper.IMapperUser' mapperInterface
2019-08-04 17:14:49,979 | DEBUG | main | org.mybatis.spring.mapper.ClassPathMapperScanner | (Logger.java:49)- Enabling autowire by type for MapperFactoryBean with name 'IMapperUser'.
2019-08-04 17:14:49,980 | DEBUG | main | org.mybatis.spring.mapper.ClassPathMapperScanner | (Logger.java:49)- Creating MapperFactoryBean with name 'IStudySQLMapper' and 'com.car.admin.mapper.IStudySQLMapper' mapperInterface
2019-08-04 17:14:49,980 | DEBUG | main | org.mybatis.spring.mapper.ClassPathMapperScanner | (Logger.java:49)- Enabling autowire by type for MapperFactoryBean with name 'IStudySQLMapper'.
2019-08-04 17:14:51,204 | DEBUG | main | org.mybatis.spring.SqlSessionFactoryBean | (Logger.java:49)- Parsed mapper file: 'file [D:\demo\restful\target\classes\mapper\GoodsMapper.xml]'
2019-08-04 17:14:51,244 | DEBUG | main | org.mybatis.spring.SqlSessionFactoryBean | (Logger.java:49)- Parsed mapper file: 'file [D:\demo\restful\target\classes\mapper\UserMapper.xml]'
2019-08-04 17:14:51,738 | INFO | main | org.springframework.scheduling.concurrent.ThreadPoolTaskScheduler | (ExecutorConfigurationSupport.java:171)- Initializing ExecutorService 'taskScheduler'
2019-08-04 17:14:52,604 | WARN | main | org.springframework.boot.autoconfigure.thymeleaf.ThymeleafAutoConfiguration$DefaultTemplateResolverConfiguration | (ThymeleafAutoConfiguration.java:108)- Cannot find template location: classpath:/templates/ (please add some templates or check your Thymeleaf configuration)
2019-08-04 17:14:52,850 | INFO | main | com.car.admin.test9.DemoJWT | (StartupInfoLogger.java:59)- Started DemoJWT in 4.844 seconds (JVM running for 6.356)
2019-08-04 17:14:54,565 | INFO | Thread-2 | org.springframework.scheduling.concurrent.ThreadPoolTaskScheduler | (ExecutorConfigurationSupport.java:208)- Shutting down ExecutorService 'taskScheduler'
2019-08-04 17:17:22,890 | INFO | main | com.car.admin.test9.DemoJWT | (StartupInfoLogger.java:50)- Starting DemoJWT on LAPTOP-PlQ4NP9S with PID 32 (started by 詹一恒 in D:\demo\restful)
2019-08-04 17:17:22,893 | INFO | main | com.car.admin.test9.DemoJWT | (SpringApplication.java:675)- No active profile set, falling back to default profiles: default
2019-08-04 17:17:23,965 | DEBUG | main | org.mybatis.spring.mapper.ClassPathMapperScanner | (ClassPathScanningCandidateComponentProvider.java:437)- Identified candidate component class: file [D:\demo\restful\target\classes\com\car\admin\mapper\IMapperLogin.class]
2019-08-04 17:17:23,966 | DEBUG | main | org.mybatis.spring.mapper.ClassPathMapperScanner | (ClassPathScanningCandidateComponentProvider.java:437)- Identified candidate component class: file [D:\demo\restful\target\classes\com\car\admin\mapper\IMapperUser.class]
2019-08-04 17:17:23,966 | DEBUG | main | org.mybatis.spring.mapper.ClassPathMapperScanner | (ClassPathScanningCandidateComponentProvider.java:437)- Identified candidate component class: file [D:\demo\restful\target\classes\com\car\admin\mapper\IStudySQLMapper.class]
2019-08-04 17:17:23,967 | DEBUG | main | org.mybatis.spring.mapper.ClassPathMapperScanner | (Logger.java:49)- Creating MapperFactoryBean with name 'IMapperLogin' and 'com.car.admin.mapper.IMapperLogin' mapperInterface
2019-08-04 17:17:23,967 | DEBUG | main | org.mybatis.spring.mapper.ClassPathMapperScanner | (Logger.java:49)- Enabling autowire by type for MapperFactoryBean with name 'IMapperLogin'.
2019-08-04 17:17:23,968 | DEBUG | main | org.mybatis.spring.mapper.ClassPathMapperScanner | (Logger.java:49)- Creating MapperFactoryBean with name 'IMapperUser' and 'com.car.admin.mapper.IMapperUser' mapperInterface
2019-08-04 17:17:23,968 | DEBUG | main | org.mybatis.spring.mapper.ClassPathMapperScanner | (Logger.java:49)- Enabling autowire by type for MapperFactoryBean with name 'IMapperUser'.
2019-08-04 17:17:23,968 | DEBUG | main | org.mybatis.spring.mapper.ClassPathMapperScanner | (Logger.java:49)- Creating MapperFactoryBean with name 'IStudySQLMapper' and 'com.car.admin.mapper.IStudySQLMapper' mapperInterface
2019-08-04 17:17:23,968 | DEBUG | main | org.mybatis.spring.mapper.ClassPathMapperScanner | (Logger.java:49)- Enabling autowire by type for MapperFactoryBean with name 'IStudySQLMapper'.
2019-08-04 17:17:25,193 | DEBUG | main | org.mybatis.spring.SqlSessionFactoryBean | (Logger.java:49)- Parsed mapper file: 'file [D:\demo\restful\target\classes\mapper\GoodsMapper.xml]'
2019-08-04 17:17:25,230 | DEBUG | main | org.mybatis.spring.SqlSessionFactoryBean | (Logger.java:49)- Parsed mapper file: 'file [D:\demo\restful\target\classes\mapper\UserMapper.xml]'
2019-08-04 17:17:25,748 | INFO | main | org.springframework.scheduling.concurrent.ThreadPoolTaskScheduler | (ExecutorConfigurationSupport.java:171)- Initializing ExecutorService 'taskScheduler'
2019-08-04 17:17:26,579 | WARN | main | org.springframework.boot.autoconfigure.thymeleaf.ThymeleafAutoConfiguration$DefaultTemplateResolverConfiguration | (ThymeleafAutoConfiguration.java:108)- Cannot find template location: classpath:/templates/ (please add some templates or check your Thymeleaf configuration)
2019-08-04 17:17:26,804 | INFO | main | com.car.admin.test9.DemoJWT | (StartupInfoLogger.java:59)- Started DemoJWT in 4.509 seconds (JVM running for 5.773)
2019-08-04 17:17:28,536 | INFO | Thread-2 | org.springframework.scheduling.concurrent.ThreadPoolTaskScheduler | (ExecutorConfigurationSupport.java:208)- Shutting down ExecutorService 'taskScheduler'
