2019-06-21 22:25:25,532 | INFO | main | com.car.admin.DemoRestfulApplication | (StartupInfoLogger.java:50)- Starting DemoRestfulApplication on LAPTOP-PlQ4NP9S with PID 8652 (D:\demo\restful\target\classes started by 詹一恒 in D:\demo\restful)
2019-06-21 22:25:25,540 | INFO | main | com.car.admin.DemoRestfulApplication | (SpringApplication.java:675)- No active profile set, falling back to default profiles: default
2019-06-21 22:25:26,178 | DEBUG | main | org.mybatis.spring.mapper.ClassPathMapperScanner | (ClassPathScanningCandidateComponentProvider.java:437)- Identified candidate component class: file [D:\demo\restful\target\classes\com\car\admin\mapper\IMapperLogin.class]
2019-06-21 22:25:26,178 | DEBUG | main | org.mybatis.spring.mapper.ClassPathMapperScanner | (ClassPathScanningCandidateComponentProvider.java:437)- Identified candidate component class: file [D:\demo\restful\target\classes\com\car\admin\mapper\IMapperUser.class]
2019-06-21 22:25:26,179 | DEBUG | main | org.mybatis.spring.mapper.ClassPathMapperScanner | (Logger.java:49)- Creating MapperFactoryBean with name 'IMapperLogin' and 'com.car.admin.mapper.IMapperLogin' mapperInterface
2019-06-21 22:25:26,179 | DEBUG | main | org.mybatis.spring.mapper.ClassPathMapperScanner | (Logger.java:49)- Enabling autowire by type for MapperFactoryBean with name 'IMapperLogin'.
2019-06-21 22:25:26,179 | DEBUG | main | org.mybatis.spring.mapper.ClassPathMapperScanner | (Logger.java:49)- Creating MapperFactoryBean with name 'IMapperUser' and 'com.car.admin.mapper.IMapperUser' mapperInterface
2019-06-21 22:25:26,180 | DEBUG | main | org.mybatis.spring.mapper.ClassPathMapperScanner | (Logger.java:49)- Enabling autowire by type for MapperFactoryBean with name 'IMapperUser'.
2019-06-21 22:25:27,164 | INFO | main | org.springframework.boot.web.embedded.tomcat.TomcatWebServer | (TomcatWebServer.java:90)- Tomcat initialized with port(s): 8080 (http)
2019-06-21 22:25:27,182 | INFO | main | org.apache.coyote.http11.Http11NioProtocol | (DirectJDKLog.java:173)- Initializing ProtocolHandler ["http-nio-8080"]
2019-06-21 22:25:27,192 | INFO | main | org.apache.catalina.core.StandardService | (DirectJDKLog.java:173)- Starting service [Tomcat]
2019-06-21 22:25:27,192 | INFO | main | org.apache.catalina.core.StandardEngine | (DirectJDKLog.java:173)- Starting Servlet engine: [Apache Tomcat/9.0.17]
2019-06-21 22:25:27,346 | INFO | main | org.apache.catalina.core.ContainerBase.[Tomcat].[localhost].[/] | (DirectJDKLog.java:173)- Initializing Spring embedded WebApplicationContext
2019-06-21 22:25:27,346 | INFO | main | org.springframework.web.context.ContextLoader | (ServletWebServerApplicationContext.java:296)- Root WebApplicationContext: initialization completed in 1715 ms
2019-06-21 22:25:27,870 | DEBUG | main | org.mybatis.spring.SqlSessionFactoryBean | (Logger.java:49)- Parsed mapper file: 'file [D:\demo\restful\target\classes\mapper\UserMapper.xml]'
2019-06-21 22:25:28,210 | INFO | main | org.springframework.scheduling.concurrent.ThreadPoolTaskScheduler | (ExecutorConfigurationSupport.java:171)- Initializing ExecutorService 'taskScheduler'
2019-06-21 22:25:28,446 | WARN | main | org.springframework.boot.autoconfigure.thymeleaf.ThymeleafAutoConfiguration$DefaultTemplateResolverConfiguration | (ThymeleafAutoConfiguration.java:108)- Cannot find template location: classpath:/templates/ (please add some templates or check your Thymeleaf configuration)
2019-06-21 22:25:28,568 | INFO | main | org.apache.coyote.http11.Http11NioProtocol | (DirectJDKLog.java:173)- Starting ProtocolHandler ["http-nio-8080"]
2019-06-21 22:25:28,599 | INFO | main | org.springframework.boot.web.embedded.tomcat.TomcatWebServer | (TomcatWebServer.java:204)- Tomcat started on port(s): 8080 (http) with context path ''
2019-06-21 22:25:28,604 | INFO | main | com.car.admin.DemoRestfulApplication | (StartupInfoLogger.java:59)- Started DemoRestfulApplication in 3.827 seconds (JVM running for 6.318)
2019-06-21 22:26:06,119 | INFO | http-nio-8080-exec-1 | org.apache.catalina.core.ContainerBase.[Tomcat].[localhost].[/] | (DirectJDKLog.java:173)- Initializing Spring DispatcherServlet 'dispatcherServlet'
2019-06-21 22:26:06,120 | INFO | http-nio-8080-exec-1 | org.springframework.web.servlet.DispatcherServlet | (FrameworkServlet.java:524)- Initializing Servlet 'dispatcherServlet'
2019-06-21 22:26:06,126 | INFO | http-nio-8080-exec-1 | org.springframework.web.servlet.DispatcherServlet | (FrameworkServlet.java:546)- Completed initialization in 6 ms
2019-06-21 22:26:44,872 | INFO | main | com.car.admin.DemoRestfulApplication | (StartupInfoLogger.java:50)- Starting DemoRestfulApplication on LAPTOP-PlQ4NP9S with PID 1800 (D:\demo\restful\target\classes started by 詹一恒 in D:\demo\restful)
2019-06-21 22:26:44,877 | INFO | main | com.car.admin.DemoRestfulApplication | (SpringApplication.java:675)- No active profile set, falling back to default profiles: default
2019-06-21 22:26:45,490 | DEBUG | main | org.mybatis.spring.mapper.ClassPathMapperScanner | (ClassPathScanningCandidateComponentProvider.java:437)- Identified candidate component class: file [D:\demo\restful\target\classes\com\car\admin\mapper\IMapperLogin.class]
2019-06-21 22:26:45,490 | DEBUG | main | org.mybatis.spring.mapper.ClassPathMapperScanner | (ClassPathScanningCandidateComponentProvider.java:437)- Identified candidate component class: file [D:\demo\restful\target\classes\com\car\admin\mapper\IMapperUser.class]
2019-06-21 22:26:45,491 | DEBUG | main | org.mybatis.spring.mapper.ClassPathMapperScanner | (Logger.java:49)- Creating MapperFactoryBean with name 'IMapperLogin' and 'com.car.admin.mapper.IMapperLogin' mapperInterface
2019-06-21 22:26:45,491 | DEBUG | main | org.mybatis.spring.mapper.ClassPathMapperScanner | (Logger.java:49)- Enabling autowire by type for MapperFactoryBean with name 'IMapperLogin'.
2019-06-21 22:26:45,491 | DEBUG | main | org.mybatis.spring.mapper.ClassPathMapperScanner | (Logger.java:49)- Creating MapperFactoryBean with name 'IMapperUser' and 'com.car.admin.mapper.IMapperUser' mapperInterface
2019-06-21 22:26:45,492 | DEBUG | main | org.mybatis.spring.mapper.ClassPathMapperScanner | (Logger.java:49)- Enabling autowire by type for MapperFactoryBean with name 'IMapperUser'.
2019-06-21 22:26:46,156 | INFO | main | org.springframework.boot.web.embedded.tomcat.TomcatWebServer | (TomcatWebServer.java:90)- Tomcat initialized with port(s): 8080 (http)
2019-06-21 22:26:46,168 | INFO | main | org.apache.coyote.http11.Http11NioProtocol | (DirectJDKLog.java:173)- Initializing ProtocolHandler ["http-nio-8080"]
2019-06-21 22:26:46,178 | INFO | main | org.apache.catalina.core.StandardService | (DirectJDKLog.java:173)- Starting service [Tomcat]
2019-06-21 22:26:46,178 | INFO | main | org.apache.catalina.core.StandardEngine | (DirectJDKLog.java:173)- Starting Servlet engine: [Apache Tomcat/9.0.17]
2019-06-21 22:26:46,313 | INFO | main | org.apache.catalina.core.ContainerBase.[Tomcat].[localhost].[/] | (DirectJDKLog.java:173)- Initializing Spring embedded WebApplicationContext
2019-06-21 22:26:46,313 | INFO | main | org.springframework.web.context.ContextLoader | (ServletWebServerApplicationContext.java:296)- Root WebApplicationContext: initialization completed in 1389 ms
2019-06-21 22:26:46,583 | DEBUG | main | org.mybatis.spring.SqlSessionFactoryBean | (Logger.java:49)- Parsed mapper file: 'file [D:\demo\restful\target\classes\mapper\UserMapper.xml]'
2019-06-21 22:26:46,859 | INFO | main | org.springframework.scheduling.concurrent.ThreadPoolTaskScheduler | (ExecutorConfigurationSupport.java:171)- Initializing ExecutorService 'taskScheduler'
2019-06-21 22:26:47,028 | WARN | main | org.springframework.boot.autoconfigure.thymeleaf.ThymeleafAutoConfiguration$DefaultTemplateResolverConfiguration | (ThymeleafAutoConfiguration.java:108)- Cannot find template location: classpath:/templates/ (please add some templates or check your Thymeleaf configuration)
2019-06-21 22:26:47,101 | INFO | main | org.apache.coyote.http11.Http11NioProtocol | (DirectJDKLog.java:173)- Starting ProtocolHandler ["http-nio-8080"]
2019-06-21 22:26:47,131 | INFO | main | org.springframework.boot.web.embedded.tomcat.TomcatWebServer | (TomcatWebServer.java:204)- Tomcat started on port(s): 8080 (http) with context path ''
2019-06-21 22:26:47,136 | INFO | main | com.car.admin.DemoRestfulApplication | (StartupInfoLogger.java:59)- Started DemoRestfulApplication in 2.985 seconds (JVM running for 4.502)
2019-06-21 22:27:00,502 | INFO | http-nio-8080-exec-2 | org.apache.catalina.core.ContainerBase.[Tomcat].[localhost].[/] | (DirectJDKLog.java:173)- Initializing Spring DispatcherServlet 'dispatcherServlet'
2019-06-21 22:27:00,503 | INFO | http-nio-8080-exec-2 | org.springframework.web.servlet.DispatcherServlet | (FrameworkServlet.java:524)- Initializing Servlet 'dispatcherServlet'
2019-06-21 22:27:00,509 | INFO | http-nio-8080-exec-2 | org.springframework.web.servlet.DispatcherServlet | (FrameworkServlet.java:546)- Completed initialization in 6 ms
2019-06-21 22:27:00,589 | ERROR | http-nio-8080-exec-2 | org.apache.catalina.core.ContainerBase.[Tomcat].[localhost].[/].[dispatcherServlet] | (DirectJDKLog.java:175)- Servlet.service() for servlet [dispatcherServlet] in context with path [] threw exception [Request processing failed; nested exception is java.lang.IllegalArgumentException: Cannot generate variable name for non-typed Collection parameter type] with root cause
java.lang.IllegalArgumentException: Cannot generate variable name for non-typed Collection parameter type
	at org.springframework.core.Conventions.getVariableNameForParameter(Conventions.java:114)
	at org.springframework.web.servlet.mvc.method.annotation.RequestResponseBodyMethodProcessor.resolveArgument(RequestResponseBodyMethodProcessor.java:131)
	at org.springframework.web.method.support.HandlerMethodArgumentResolverComposite.resolveArgument(HandlerMethodArgumentResolverComposite.java:126)
	at org.springframework.web.method.support.InvocableHandlerMethod.getMethodArgumentValues(InvocableHandlerMethod.java:166)
	at org.springframework.web.method.support.InvocableHandlerMethod.invokeForRequest(InvocableHandlerMethod.java:134)
	at org.springframework.web.servlet.mvc.method.annotation.ServletInvocableHandlerMethod.invokeAndHandle(ServletInvocableHandlerMethod.java:102)
	at org.springframework.web.servlet.mvc.method.annotation.RequestMappingHandlerAdapter.invokeHandlerMethod(RequestMappingHandlerAdapter.java:892)
	at org.springframework.web.servlet.mvc.method.annotation.RequestMappingHandlerAdapter.handleInternal(RequestMappingHandlerAdapter.java:797)
	at org.springframework.web.servlet.mvc.method.AbstractHandlerMethodAdapter.handle(AbstractHandlerMethodAdapter.java:87)
	at org.springframework.web.servlet.DispatcherServlet.doDispatch(DispatcherServlet.java:1038)
	at org.springframework.web.servlet.DispatcherServlet.doService(DispatcherServlet.java:942)
	at org.springframework.web.servlet.FrameworkServlet.processRequest(FrameworkServlet.java:1005)
	at org.springframework.web.servlet.FrameworkServlet.doPost(FrameworkServlet.java:908)
	at javax.servlet.http.HttpServlet.service(HttpServlet.java:660)
	at org.springframework.web.servlet.FrameworkServlet.service(FrameworkServlet.java:882)
	at javax.servlet.http.HttpServlet.service(HttpServlet.java:741)
	at org.apache.catalina.core.ApplicationFilterChain.internalDoFilter(ApplicationFilterChain.java:231)
	at org.apache.catalina.core.ApplicationFilterChain.doFilter(ApplicationFilterChain.java:166)
	at org.apache.tomcat.websocket.server.WsFilter.doFilter(WsFilter.java:53)
	at org.apache.catalina.core.ApplicationFilterChain.internalDoFilter(ApplicationFilterChain.java:193)
	at org.apache.catalina.core.ApplicationFilterChain.doFilter(ApplicationFilterChain.java:166)
	at org.springframework.web.filter.CharacterEncodingFilter.doFilterInternal(CharacterEncodingFilter.java:200)
	at org.springframework.web.filter.OncePerRequestFilter.doFilter(OncePerRequestFilter.java:107)
	at org.apache.catalina.core.ApplicationFilterChain.internalDoFilter(ApplicationFilterChain.java:193)
	at org.apache.catalina.core.ApplicationFilterChain.doFilter(ApplicationFilterChain.java:166)
	at org.apache.catalina.core.StandardWrapperValve.invoke(StandardWrapperValve.java:200)
	at org.apache.catalina.core.StandardContextValve.invoke(StandardContextValve.java:96)
	at org.apache.catalina.authenticator.AuthenticatorBase.invoke(AuthenticatorBase.java:490)
	at org.apache.catalina.core.StandardHostValve.invoke(StandardHostValve.java:139)
	at org.apache.catalina.valves.ErrorReportValve.invoke(ErrorReportValve.java:92)
	at org.apache.catalina.core.StandardEngineValve.invoke(StandardEngineValve.java:74)
	at org.apache.catalina.connector.CoyoteAdapter.service(CoyoteAdapter.java:343)
	at org.apache.coyote.http11.Http11Processor.service(Http11Processor.java:408)
	at org.apache.coyote.AbstractProcessorLight.process(AbstractProcessorLight.java:66)
	at org.apache.coyote.AbstractProtocol$ConnectionHandler.process(AbstractProtocol.java:834)
	at org.apache.tomcat.util.net.NioEndpoint$SocketProcessor.doRun(NioEndpoint.java:1415)
	at org.apache.tomcat.util.net.SocketProcessorBase.run(SocketProcessorBase.java:49)
	at java.util.concurrent.ThreadPoolExecutor.runWorker(ThreadPoolExecutor.java:1149)
	at java.util.concurrent.ThreadPoolExecutor$Worker.run(ThreadPoolExecutor.java:624)
	at org.apache.tomcat.util.threads.TaskThread$WrappingRunnable.run(TaskThread.java:61)
	at java.lang.Thread.run(Thread.java:748)
2019-06-21 22:28:19,875 | ERROR | http-nio-8080-exec-4 | org.apache.catalina.core.ContainerBase.[Tomcat].[localhost].[/].[dispatcherServlet] | (DirectJDKLog.java:175)- Servlet.service() for servlet [dispatcherServlet] in context with path [] threw exception [Request processing failed; nested exception is java.lang.IllegalArgumentException: Cannot generate variable name for non-typed Collection parameter type] with root cause
java.lang.IllegalArgumentException: Cannot generate variable name for non-typed Collection parameter type
	at org.springframework.core.Conventions.getVariableNameForParameter(Conventions.java:114)
	at org.springframework.web.servlet.mvc.method.annotation.RequestResponseBodyMethodProcessor.resolveArgument(RequestResponseBodyMethodProcessor.java:131)
	at org.springframework.web.method.support.HandlerMethodArgumentResolverComposite.resolveArgument(HandlerMethodArgumentResolverComposite.java:126)
	at org.springframework.web.method.support.InvocableHandlerMethod.getMethodArgumentValues(InvocableHandlerMethod.java:166)
	at org.springframework.web.method.support.InvocableHandlerMethod.invokeForRequest(InvocableHandlerMethod.java:134)
	at org.springframework.web.servlet.mvc.method.annotation.ServletInvocableHandlerMethod.invokeAndHandle(ServletInvocableHandlerMethod.java:102)
	at org.springframework.web.servlet.mvc.method.annotation.RequestMappingHandlerAdapter.invokeHandlerMethod(RequestMappingHandlerAdapter.java:892)
	at org.springframework.web.servlet.mvc.method.annotation.RequestMappingHandlerAdapter.handleInternal(RequestMappingHandlerAdapter.java:797)
	at org.springframework.web.servlet.mvc.method.AbstractHandlerMethodAdapter.handle(AbstractHandlerMethodAdapter.java:87)
	at org.springframework.web.servlet.DispatcherServlet.doDispatch(DispatcherServlet.java:1038)
	at org.springframework.web.servlet.DispatcherServlet.doService(DispatcherServlet.java:942)
	at org.springframework.web.servlet.FrameworkServlet.processRequest(FrameworkServlet.java:1005)
	at org.springframework.web.servlet.FrameworkServlet.doPost(FrameworkServlet.java:908)
	at javax.servlet.http.HttpServlet.service(HttpServlet.java:660)
	at org.springframework.web.servlet.FrameworkServlet.service(FrameworkServlet.java:882)
	at javax.servlet.http.HttpServlet.service(HttpServlet.java:741)
	at org.apache.catalina.core.ApplicationFilterChain.internalDoFilter(ApplicationFilterChain.java:231)
	at org.apache.catalina.core.ApplicationFilterChain.doFilter(ApplicationFilterChain.java:166)
	at org.apache.tomcat.websocket.server.WsFilter.doFilter(WsFilter.java:53)
	at org.apache.catalina.core.ApplicationFilterChain.internalDoFilter(ApplicationFilterChain.java:193)
	at org.apache.catalina.core.ApplicationFilterChain.doFilter(ApplicationFilterChain.java:166)
	at org.springframework.web.filter.CharacterEncodingFilter.doFilterInternal(CharacterEncodingFilter.java:200)
	at org.springframework.web.filter.OncePerRequestFilter.doFilter(OncePerRequestFilter.java:107)
	at org.apache.catalina.core.ApplicationFilterChain.internalDoFilter(ApplicationFilterChain.java:193)
	at org.apache.catalina.core.ApplicationFilterChain.doFilter(ApplicationFilterChain.java:166)
	at org.apache.catalina.core.StandardWrapperValve.invoke(StandardWrapperValve.java:200)
	at org.apache.catalina.core.StandardContextValve.invoke(StandardContextValve.java:96)
	at org.apache.catalina.authenticator.AuthenticatorBase.invoke(AuthenticatorBase.java:490)
	at org.apache.catalina.core.StandardHostValve.invoke(StandardHostValve.java:139)
	at org.apache.catalina.valves.ErrorReportValve.invoke(ErrorReportValve.java:92)
	at org.apache.catalina.core.StandardEngineValve.invoke(StandardEngineValve.java:74)
	at org.apache.catalina.connector.CoyoteAdapter.service(CoyoteAdapter.java:343)
	at org.apache.coyote.http11.Http11Processor.service(Http11Processor.java:408)
	at org.apache.coyote.AbstractProcessorLight.process(AbstractProcessorLight.java:66)
	at org.apache.coyote.AbstractProtocol$ConnectionHandler.process(AbstractProtocol.java:834)
	at org.apache.tomcat.util.net.NioEndpoint$SocketProcessor.doRun(NioEndpoint.java:1415)
	at org.apache.tomcat.util.net.SocketProcessorBase.run(SocketProcessorBase.java:49)
	at java.util.concurrent.ThreadPoolExecutor.runWorker(ThreadPoolExecutor.java:1149)
	at java.util.concurrent.ThreadPoolExecutor$Worker.run(ThreadPoolExecutor.java:624)
	at org.apache.tomcat.util.threads.TaskThread$WrappingRunnable.run(TaskThread.java:61)
	at java.lang.Thread.run(Thread.java:748)
2019-06-21 22:29:11,451 | ERROR | http-nio-8080-exec-6 | org.apache.catalina.core.ContainerBase.[Tomcat].[localhost].[/].[dispatcherServlet] | (DirectJDKLog.java:175)- Servlet.service() for servlet [dispatcherServlet] in context with path [] threw exception [Request processing failed; nested exception is java.lang.IllegalArgumentException: Cannot generate variable name for non-typed Collection parameter type] with root cause
java.lang.IllegalArgumentException: Cannot generate variable name for non-typed Collection parameter type
	at org.springframework.core.Conventions.getVariableNameForParameter(Conventions.java:114)
	at org.springframework.web.servlet.mvc.method.annotation.RequestResponseBodyMethodProcessor.resolveArgument(RequestResponseBodyMethodProcessor.java:131)
	at org.springframework.web.method.support.HandlerMethodArgumentResolverComposite.resolveArgument(HandlerMethodArgumentResolverComposite.java:126)
	at org.springframework.web.method.support.InvocableHandlerMethod.getMethodArgumentValues(InvocableHandlerMethod.java:166)
	at org.springframework.web.method.support.InvocableHandlerMethod.invokeForRequest(InvocableHandlerMethod.java:134)
	at org.springframework.web.servlet.mvc.method.annotation.ServletInvocableHandlerMethod.invokeAndHandle(ServletInvocableHandlerMethod.java:102)
	at org.springframework.web.servlet.mvc.method.annotation.RequestMappingHandlerAdapter.invokeHandlerMethod(RequestMappingHandlerAdapter.java:892)
	at org.springframework.web.servlet.mvc.method.annotation.RequestMappingHandlerAdapter.handleInternal(RequestMappingHandlerAdapter.java:797)
	at org.springframework.web.servlet.mvc.method.AbstractHandlerMethodAdapter.handle(AbstractHandlerMethodAdapter.java:87)
	at org.springframework.web.servlet.DispatcherServlet.doDispatch(DispatcherServlet.java:1038)
	at org.springframework.web.servlet.DispatcherServlet.doService(DispatcherServlet.java:942)
	at org.springframework.web.servlet.FrameworkServlet.processRequest(FrameworkServlet.java:1005)
	at org.springframework.web.servlet.FrameworkServlet.doPost(FrameworkServlet.java:908)
	at javax.servlet.http.HttpServlet.service(HttpServlet.java:660)
	at org.springframework.web.servlet.FrameworkServlet.service(FrameworkServlet.java:882)
	at javax.servlet.http.HttpServlet.service(HttpServlet.java:741)
	at org.apache.catalina.core.ApplicationFilterChain.internalDoFilter(ApplicationFilterChain.java:231)
	at org.apache.catalina.core.ApplicationFilterChain.doFilter(ApplicationFilterChain.java:166)
	at org.apache.tomcat.websocket.server.WsFilter.doFilter(WsFilter.java:53)
	at org.apache.catalina.core.ApplicationFilterChain.internalDoFilter(ApplicationFilterChain.java:193)
	at org.apache.catalina.core.ApplicationFilterChain.doFilter(ApplicationFilterChain.java:166)
	at org.springframework.web.filter.CharacterEncodingFilter.doFilterInternal(CharacterEncodingFilter.java:200)
	at org.springframework.web.filter.OncePerRequestFilter.doFilter(OncePerRequestFilter.java:107)
	at org.apache.catalina.core.ApplicationFilterChain.internalDoFilter(ApplicationFilterChain.java:193)
	at org.apache.catalina.core.ApplicationFilterChain.doFilter(ApplicationFilterChain.java:166)
	at org.apache.catalina.core.StandardWrapperValve.invoke(StandardWrapperValve.java:200)
	at org.apache.catalina.core.StandardContextValve.invoke(StandardContextValve.java:96)
	at org.apache.catalina.authenticator.AuthenticatorBase.invoke(AuthenticatorBase.java:490)
	at org.apache.catalina.core.StandardHostValve.invoke(StandardHostValve.java:139)
	at org.apache.catalina.valves.ErrorReportValve.invoke(ErrorReportValve.java:92)
	at org.apache.catalina.core.StandardEngineValve.invoke(StandardEngineValve.java:74)
	at org.apache.catalina.connector.CoyoteAdapter.service(CoyoteAdapter.java:343)
	at org.apache.coyote.http11.Http11Processor.service(Http11Processor.java:408)
	at org.apache.coyote.AbstractProcessorLight.process(AbstractProcessorLight.java:66)
	at org.apache.coyote.AbstractProtocol$ConnectionHandler.process(AbstractProtocol.java:834)
	at org.apache.tomcat.util.net.NioEndpoint$SocketProcessor.doRun(NioEndpoint.java:1415)
	at org.apache.tomcat.util.net.SocketProcessorBase.run(SocketProcessorBase.java:49)
	at java.util.concurrent.ThreadPoolExecutor.runWorker(ThreadPoolExecutor.java:1149)
	at java.util.concurrent.ThreadPoolExecutor$Worker.run(ThreadPoolExecutor.java:624)
	at org.apache.tomcat.util.threads.TaskThread$WrappingRunnable.run(TaskThread.java:61)
	at java.lang.Thread.run(Thread.java:748)
2019-06-21 22:34:18,464 | INFO | main | com.car.admin.DemoRestfulApplication | (StartupInfoLogger.java:50)- Starting DemoRestfulApplication on LAPTOP-PlQ4NP9S with PID 18328 (D:\demo\restful\target\classes started by 詹一恒 in D:\demo\restful)
2019-06-21 22:34:18,469 | INFO | main | com.car.admin.DemoRestfulApplication | (SpringApplication.java:675)- No active profile set, falling back to default profiles: default
2019-06-21 22:34:19,201 | DEBUG | main | org.mybatis.spring.mapper.ClassPathMapperScanner | (ClassPathScanningCandidateComponentProvider.java:437)- Identified candidate component class: file [D:\demo\restful\target\classes\com\car\admin\mapper\IMapperLogin.class]
2019-06-21 22:34:19,201 | DEBUG | main | org.mybatis.spring.mapper.ClassPathMapperScanner | (ClassPathScanningCandidateComponentProvider.java:437)- Identified candidate component class: file [D:\demo\restful\target\classes\com\car\admin\mapper\IMapperUser.class]
2019-06-21 22:34:19,202 | DEBUG | main | org.mybatis.spring.mapper.ClassPathMapperScanner | (Logger.java:49)- Creating MapperFactoryBean with name 'IMapperLogin' and 'com.car.admin.mapper.IMapperLogin' mapperInterface
2019-06-21 22:34:19,202 | DEBUG | main | org.mybatis.spring.mapper.ClassPathMapperScanner | (Logger.java:49)- Enabling autowire by type for MapperFactoryBean with name 'IMapperLogin'.
2019-06-21 22:34:19,203 | DEBUG | main | org.mybatis.spring.mapper.ClassPathMapperScanner | (Logger.java:49)- Creating MapperFactoryBean with name 'IMapperUser' and 'com.car.admin.mapper.IMapperUser' mapperInterface
2019-06-21 22:34:19,203 | DEBUG | main | org.mybatis.spring.mapper.ClassPathMapperScanner | (Logger.java:49)- Enabling autowire by type for MapperFactoryBean with name 'IMapperUser'.
2019-06-21 22:34:19,962 | INFO | main | org.springframework.boot.web.embedded.tomcat.TomcatWebServer | (TomcatWebServer.java:90)- Tomcat initialized with port(s): 8080 (http)
2019-06-21 22:34:19,977 | INFO | main | org.apache.coyote.http11.Http11NioProtocol | (DirectJDKLog.java:173)- Initializing ProtocolHandler ["http-nio-8080"]
2019-06-21 22:34:19,988 | INFO | main | org.apache.catalina.core.StandardService | (DirectJDKLog.java:173)- Starting service [Tomcat]
2019-06-21 22:34:19,988 | INFO | main | org.apache.catalina.core.StandardEngine | (DirectJDKLog.java:173)- Starting Servlet engine: [Apache Tomcat/9.0.17]
2019-06-21 22:34:20,139 | INFO | main | org.apache.catalina.core.ContainerBase.[Tomcat].[localhost].[/] | (DirectJDKLog.java:173)- Initializing Spring embedded WebApplicationContext
2019-06-21 22:34:20,140 | INFO | main | org.springframework.web.context.ContextLoader | (ServletWebServerApplicationContext.java:296)- Root WebApplicationContext: initialization completed in 1587 ms
2019-06-21 22:34:20,541 | DEBUG | main | org.mybatis.spring.SqlSessionFactoryBean | (Logger.java:49)- Parsed mapper file: 'file [D:\demo\restful\target\classes\mapper\UserMapper.xml]'
2019-06-21 22:34:20,894 | INFO | main | org.springframework.scheduling.concurrent.ThreadPoolTaskScheduler | (ExecutorConfigurationSupport.java:171)- Initializing ExecutorService 'taskScheduler'
2019-06-21 22:34:21,091 | WARN | main | org.springframework.boot.autoconfigure.thymeleaf.ThymeleafAutoConfiguration$DefaultTemplateResolverConfiguration | (ThymeleafAutoConfiguration.java:108)- Cannot find template location: classpath:/templates/ (please add some templates or check your Thymeleaf configuration)
2019-06-21 22:34:21,176 | INFO | main | org.apache.coyote.http11.Http11NioProtocol | (DirectJDKLog.java:173)- Starting ProtocolHandler ["http-nio-8080"]
2019-06-21 22:34:21,213 | INFO | main | org.springframework.boot.web.embedded.tomcat.TomcatWebServer | (TomcatWebServer.java:204)- Tomcat started on port(s): 8080 (http) with context path ''
2019-06-21 22:34:21,216 | INFO | main | com.car.admin.DemoRestfulApplication | (StartupInfoLogger.java:59)- Started DemoRestfulApplication in 3.537 seconds (JVM running for 4.917)
2019-06-21 22:34:30,569 | INFO | http-nio-8080-exec-1 | org.apache.catalina.core.ContainerBase.[Tomcat].[localhost].[/] | (DirectJDKLog.java:173)- Initializing Spring DispatcherServlet 'dispatcherServlet'
2019-06-21 22:34:30,569 | INFO | http-nio-8080-exec-1 | org.springframework.web.servlet.DispatcherServlet | (FrameworkServlet.java:524)- Initializing Servlet 'dispatcherServlet'
2019-06-21 22:34:30,575 | INFO | http-nio-8080-exec-1 | org.springframework.web.servlet.DispatcherServlet | (FrameworkServlet.java:546)- Completed initialization in 5 ms
2019-06-21 22:37:35,982 | INFO | main | com.car.admin.DemoRestfulApplication | (StartupInfoLogger.java:50)- Starting DemoRestfulApplication on LAPTOP-PlQ4NP9S with PID 8652 (D:\demo\restful\target\classes started by 詹一恒 in D:\demo\restful)
2019-06-21 22:37:35,985 | INFO | main | com.car.admin.DemoRestfulApplication | (SpringApplication.java:675)- No active profile set, falling back to default profiles: default
2019-06-21 22:37:36,593 | DEBUG | main | org.mybatis.spring.mapper.ClassPathMapperScanner | (ClassPathScanningCandidateComponentProvider.java:437)- Identified candidate component class: file [D:\demo\restful\target\classes\com\car\admin\mapper\IMapperLogin.class]
2019-06-21 22:37:36,593 | DEBUG | main | org.mybatis.spring.mapper.ClassPathMapperScanner | (ClassPathScanningCandidateComponentProvider.java:437)- Identified candidate component class: file [D:\demo\restful\target\classes\com\car\admin\mapper\IMapperUser.class]
2019-06-21 22:37:36,594 | DEBUG | main | org.mybatis.spring.mapper.ClassPathMapperScanner | (Logger.java:49)- Creating MapperFactoryBean with name 'IMapperLogin' and 'com.car.admin.mapper.IMapperLogin' mapperInterface
2019-06-21 22:37:36,595 | DEBUG | main | org.mybatis.spring.mapper.ClassPathMapperScanner | (Logger.java:49)- Enabling autowire by type for MapperFactoryBean with name 'IMapperLogin'.
2019-06-21 22:37:36,595 | DEBUG | main | org.mybatis.spring.mapper.ClassPathMapperScanner | (Logger.java:49)- Creating MapperFactoryBean with name 'IMapperUser' and 'com.car.admin.mapper.IMapperUser' mapperInterface
2019-06-21 22:37:36,596 | DEBUG | main | org.mybatis.spring.mapper.ClassPathMapperScanner | (Logger.java:49)- Enabling autowire by type for MapperFactoryBean with name 'IMapperUser'.
2019-06-21 22:37:37,284 | INFO | main | org.springframework.boot.web.embedded.tomcat.TomcatWebServer | (TomcatWebServer.java:90)- Tomcat initialized with port(s): 8080 (http)
2019-06-21 22:37:37,298 | INFO | main | org.apache.coyote.http11.Http11NioProtocol | (DirectJDKLog.java:173)- Initializing ProtocolHandler ["http-nio-8080"]
2019-06-21 22:37:37,308 | INFO | main | org.apache.catalina.core.StandardService | (DirectJDKLog.java:173)- Starting service [Tomcat]
2019-06-21 22:37:37,308 | INFO | main | org.apache.catalina.core.StandardEngine | (DirectJDKLog.java:173)- Starting Servlet engine: [Apache Tomcat/9.0.17]
2019-06-21 22:37:37,448 | INFO | main | org.apache.catalina.core.ContainerBase.[Tomcat].[localhost].[/] | (DirectJDKLog.java:173)- Initializing Spring embedded WebApplicationContext
2019-06-21 22:37:37,448 | INFO | main | org.springframework.web.context.ContextLoader | (ServletWebServerApplicationContext.java:296)- Root WebApplicationContext: initialization completed in 1372 ms
2019-06-21 22:37:37,711 | DEBUG | main | org.mybatis.spring.SqlSessionFactoryBean | (Logger.java:49)- Parsed mapper file: 'file [D:\demo\restful\target\classes\mapper\UserMapper.xml]'
2019-06-21 22:37:37,976 | INFO | main | org.springframework.scheduling.concurrent.ThreadPoolTaskScheduler | (ExecutorConfigurationSupport.java:171)- Initializing ExecutorService 'taskScheduler'
2019-06-21 22:37:38,152 | WARN | main | org.springframework.boot.autoconfigure.thymeleaf.ThymeleafAutoConfiguration$DefaultTemplateResolverConfiguration | (ThymeleafAutoConfiguration.java:108)- Cannot find template location: classpath:/templates/ (please add some templates or check your Thymeleaf configuration)
2019-06-21 22:37:38,227 | INFO | main | org.apache.coyote.http11.Http11NioProtocol | (DirectJDKLog.java:173)- Starting ProtocolHandler ["http-nio-8080"]
2019-06-21 22:37:38,253 | INFO | main | org.springframework.boot.web.embedded.tomcat.TomcatWebServer | (TomcatWebServer.java:204)- Tomcat started on port(s): 8080 (http) with context path ''
2019-06-21 22:37:38,258 | INFO | main | com.car.admin.DemoRestfulApplication | (StartupInfoLogger.java:59)- Started DemoRestfulApplication in 3.031 seconds (JVM running for 4.449)
2019-06-21 22:37:42,769 | INFO | http-nio-8080-exec-1 | org.apache.catalina.core.ContainerBase.[Tomcat].[localhost].[/] | (DirectJDKLog.java:173)- Initializing Spring DispatcherServlet 'dispatcherServlet'
2019-06-21 22:37:42,770 | INFO | http-nio-8080-exec-1 | org.springframework.web.servlet.DispatcherServlet | (FrameworkServlet.java:524)- Initializing Servlet 'dispatcherServlet'
2019-06-21 22:37:42,776 | INFO | http-nio-8080-exec-1 | org.springframework.web.servlet.DispatcherServlet | (FrameworkServlet.java:546)- Completed initialization in 6 ms
2019-06-21 22:38:13,720 | ERROR | http-nio-8080-exec-1 | org.apache.catalina.core.ContainerBase.[Tomcat].[localhost].[/].[dispatcherServlet] | (DirectJDKLog.java:175)- Servlet.service() for servlet [dispatcherServlet] in context with path [] threw exception [Request processing failed; nested exception is java.lang.ClassCastException: java.util.LinkedHashMap cannot be cast to com.car.admin.controller.StudentBean] with root cause
java.lang.ClassCastException: java.util.LinkedHashMap cannot be cast to com.car.admin.controller.StudentBean
	at com.car.admin.controller.UserController.testJson(UserController.java:214)
	at sun.reflect.NativeMethodAccessorImpl.invoke0(Native Method)
	at sun.reflect.NativeMethodAccessorImpl.invoke(NativeMethodAccessorImpl.java:62)
	at sun.reflect.DelegatingMethodAccessorImpl.invoke(DelegatingMethodAccessorImpl.java:43)
	at java.lang.reflect.Method.invoke(Method.java:498)
	at org.springframework.web.method.support.InvocableHandlerMethod.doInvoke(InvocableHandlerMethod.java:189)
	at org.springframework.web.method.support.InvocableHandlerMethod.invokeForRequest(InvocableHandlerMethod.java:138)
	at org.springframework.web.servlet.mvc.method.annotation.ServletInvocableHandlerMethod.invokeAndHandle(ServletInvocableHandlerMethod.java:102)
	at org.springframework.web.servlet.mvc.method.annotation.RequestMappingHandlerAdapter.invokeHandlerMethod(RequestMappingHandlerAdapter.java:892)
	at org.springframework.web.servlet.mvc.method.annotation.RequestMappingHandlerAdapter.handleInternal(RequestMappingHandlerAdapter.java:797)
	at org.springframework.web.servlet.mvc.method.AbstractHandlerMethodAdapter.handle(AbstractHandlerMethodAdapter.java:87)
	at org.springframework.web.servlet.DispatcherServlet.doDispatch(DispatcherServlet.java:1038)
	at org.springframework.web.servlet.DispatcherServlet.doService(DispatcherServlet.java:942)
	at org.springframework.web.servlet.FrameworkServlet.processRequest(FrameworkServlet.java:1005)
	at org.springframework.web.servlet.FrameworkServlet.doPost(FrameworkServlet.java:908)
	at javax.servlet.http.HttpServlet.service(HttpServlet.java:660)
	at org.springframework.web.servlet.FrameworkServlet.service(FrameworkServlet.java:882)
	at javax.servlet.http.HttpServlet.service(HttpServlet.java:741)
	at org.apache.catalina.core.ApplicationFilterChain.internalDoFilter(ApplicationFilterChain.java:231)
	at org.apache.catalina.core.ApplicationFilterChain.doFilter(ApplicationFilterChain.java:166)
	at org.apache.tomcat.websocket.server.WsFilter.doFilter(WsFilter.java:53)
	at org.apache.catalina.core.ApplicationFilterChain.internalDoFilter(ApplicationFilterChain.java:193)
	at org.apache.catalina.core.ApplicationFilterChain.doFilter(ApplicationFilterChain.java:166)
	at org.springframework.web.filter.CharacterEncodingFilter.doFilterInternal(CharacterEncodingFilter.java:200)
	at org.springframework.web.filter.OncePerRequestFilter.doFilter(OncePerRequestFilter.java:107)
	at org.apache.catalina.core.ApplicationFilterChain.internalDoFilter(ApplicationFilterChain.java:193)
	at org.apache.catalina.core.ApplicationFilterChain.doFilter(ApplicationFilterChain.java:166)
	at org.apache.catalina.core.StandardWrapperValve.invoke(StandardWrapperValve.java:200)
	at org.apache.catalina.core.StandardContextValve.invoke(StandardContextValve.java:96)
	at org.apache.catalina.authenticator.AuthenticatorBase.invoke(AuthenticatorBase.java:490)
	at org.apache.catalina.core.StandardHostValve.invoke(StandardHostValve.java:139)
	at org.apache.catalina.valves.ErrorReportValve.invoke(ErrorReportValve.java:92)
	at org.apache.catalina.core.StandardEngineValve.invoke(StandardEngineValve.java:74)
	at org.apache.catalina.connector.CoyoteAdapter.service(CoyoteAdapter.java:343)
	at org.apache.coyote.http11.Http11Processor.service(Http11Processor.java:408)
	at org.apache.coyote.AbstractProcessorLight.process(AbstractProcessorLight.java:66)
	at org.apache.coyote.AbstractProtocol$ConnectionHandler.process(AbstractProtocol.java:834)
	at org.apache.tomcat.util.net.NioEndpoint$SocketProcessor.doRun(NioEndpoint.java:1415)
	at org.apache.tomcat.util.net.SocketProcessorBase.run(SocketProcessorBase.java:49)
	at java.util.concurrent.ThreadPoolExecutor.runWorker(ThreadPoolExecutor.java:1149)
	at java.util.concurrent.ThreadPoolExecutor$Worker.run(ThreadPoolExecutor.java:624)
	at org.apache.tomcat.util.threads.TaskThread$WrappingRunnable.run(TaskThread.java:61)
	at java.lang.Thread.run(Thread.java:748)
2019-06-21 22:40:39,500 | INFO | main | com.car.admin.DemoRestfulApplication | (StartupInfoLogger.java:50)- Starting DemoRestfulApplication on LAPTOP-PlQ4NP9S with PID 17244 (D:\demo\restful\target\classes started by 詹一恒 in D:\demo\restful)
2019-06-21 22:40:39,505 | INFO | main | com.car.admin.DemoRestfulApplication | (SpringApplication.java:675)- No active profile set, falling back to default profiles: default
2019-06-21 22:40:40,056 | DEBUG | main | org.mybatis.spring.mapper.ClassPathMapperScanner | (ClassPathScanningCandidateComponentProvider.java:437)- Identified candidate component class: file [D:\demo\restful\target\classes\com\car\admin\mapper\IMapperLogin.class]
2019-06-21 22:40:40,057 | DEBUG | main | org.mybatis.spring.mapper.ClassPathMapperScanner | (ClassPathScanningCandidateComponentProvider.java:437)- Identified candidate component class: file [D:\demo\restful\target\classes\com\car\admin\mapper\IMapperUser.class]
2019-06-21 22:40:40,057 | DEBUG | main | org.mybatis.spring.mapper.ClassPathMapperScanner | (Logger.java:49)- Creating MapperFactoryBean with name 'IMapperLogin' and 'com.car.admin.mapper.IMapperLogin' mapperInterface
2019-06-21 22:40:40,058 | DEBUG | main | org.mybatis.spring.mapper.ClassPathMapperScanner | (Logger.java:49)- Enabling autowire by type for MapperFactoryBean with name 'IMapperLogin'.
2019-06-21 22:40:40,058 | DEBUG | main | org.mybatis.spring.mapper.ClassPathMapperScanner | (Logger.java:49)- Creating MapperFactoryBean with name 'IMapperUser' and 'com.car.admin.mapper.IMapperUser' mapperInterface
2019-06-21 22:40:40,058 | DEBUG | main | org.mybatis.spring.mapper.ClassPathMapperScanner | (Logger.java:49)- Enabling autowire by type for MapperFactoryBean with name 'IMapperUser'.
2019-06-21 22:40:40,768 | INFO | main | org.springframework.boot.web.embedded.tomcat.TomcatWebServer | (TomcatWebServer.java:90)- Tomcat initialized with port(s): 8080 (http)
2019-06-21 22:40:40,780 | INFO | main | org.apache.coyote.http11.Http11NioProtocol | (DirectJDKLog.java:173)- Initializing ProtocolHandler ["http-nio-8080"]
2019-06-21 22:40:40,789 | INFO | main | org.apache.catalina.core.StandardService | (DirectJDKLog.java:173)- Starting service [Tomcat]
2019-06-21 22:40:40,789 | INFO | main | org.apache.catalina.core.StandardEngine | (DirectJDKLog.java:173)- Starting Servlet engine: [Apache Tomcat/9.0.17]
2019-06-21 22:40:40,951 | INFO | main | org.apache.catalina.core.ContainerBase.[Tomcat].[localhost].[/] | (DirectJDKLog.java:173)- Initializing Spring embedded WebApplicationContext
2019-06-21 22:40:40,952 | INFO | main | org.springframework.web.context.ContextLoader | (ServletWebServerApplicationContext.java:296)- Root WebApplicationContext: initialization completed in 1376 ms
2019-06-21 22:40:41,223 | DEBUG | main | org.mybatis.spring.SqlSessionFactoryBean | (Logger.java:49)- Parsed mapper file: 'file [D:\demo\restful\target\classes\mapper\UserMapper.xml]'
2019-06-21 22:40:41,525 | INFO | main | org.springframework.scheduling.concurrent.ThreadPoolTaskScheduler | (ExecutorConfigurationSupport.java:171)- Initializing ExecutorService 'taskScheduler'
2019-06-21 22:40:41,709 | WARN | main | org.springframework.boot.autoconfigure.thymeleaf.ThymeleafAutoConfiguration$DefaultTemplateResolverConfiguration | (ThymeleafAutoConfiguration.java:108)- Cannot find template location: classpath:/templates/ (please add some templates or check your Thymeleaf configuration)
2019-06-21 22:40:41,786 | INFO | main | org.apache.coyote.http11.Http11NioProtocol | (DirectJDKLog.java:173)- Starting ProtocolHandler ["http-nio-8080"]
2019-06-21 22:40:41,819 | INFO | main | org.springframework.boot.web.embedded.tomcat.TomcatWebServer | (TomcatWebServer.java:204)- Tomcat started on port(s): 8080 (http) with context path ''
2019-06-21 22:40:41,823 | INFO | main | com.car.admin.DemoRestfulApplication | (StartupInfoLogger.java:59)- Started DemoRestfulApplication in 3.072 seconds (JVM running for 4.564)
2019-06-21 22:40:45,632 | INFO | http-nio-8080-exec-1 | org.apache.catalina.core.ContainerBase.[Tomcat].[localhost].[/] | (DirectJDKLog.java:173)- Initializing Spring DispatcherServlet 'dispatcherServlet'
2019-06-21 22:40:45,632 | INFO | http-nio-8080-exec-1 | org.springframework.web.servlet.DispatcherServlet | (FrameworkServlet.java:524)- Initializing Servlet 'dispatcherServlet'
2019-06-21 22:40:45,638 | INFO | http-nio-8080-exec-1 | org.springframework.web.servlet.DispatcherServlet | (FrameworkServlet.java:546)- Completed initialization in 6 ms
